{"/Users/alternate/Desktop/NodeJS1/Lesson3/Express-Auth-app/src/api/enums/Provider.ts": {"path":"/Users/alternate/Desktop/NodeJS1/Lesson3/Express-Auth-app/src/api/enums/Provider.ts","statementMap":{"0":{"start":{"line":1,"column":0},"end":{"line":1,"column":null}},"1":{"start":{"line":2,"column":2},"end":{"line":2,"column":null}},"2":{"start":{"line":3,"column":2},"end":{"line":3,"column":null}},"3":{"start":{"line":4,"column":2},"end":{"line":4,"column":null}}},"fnMap":{"0":{"name":"(anonymous_0)","decl":{"start":{"line":1,"column":0},"end":{"line":1,"column":12}},"loc":{"start":{"line":1,"column":20},"end":{"line":5,"column":1}}}},"branchMap":{"0":{"loc":{"start":{"line":1,"column":12},"end":{"line":1,"column":null}},"type":"binary-expr","locations":[{"start":{"line":1,"column":12},"end":{"line":1,"column":20}},{"start":{"line":1,"column":20},"end":{"line":1,"column":null}}]}},"s":{"0":1,"1":1,"2":1,"3":1},"f":{"0":1},"b":{"0":[1,1]}}
,"/Users/alternate/Desktop/NodeJS1/Lesson3/Express-Auth-app/src/api/enums/UserRole.ts": {"path":"/Users/alternate/Desktop/NodeJS1/Lesson3/Express-Auth-app/src/api/enums/UserRole.ts","statementMap":{"0":{"start":{"line":1,"column":0},"end":{"line":1,"column":null}},"1":{"start":{"line":2,"column":2},"end":{"line":2,"column":null}},"2":{"start":{"line":3,"column":2},"end":{"line":3,"column":null}}},"fnMap":{"0":{"name":"(anonymous_0)","decl":{"start":{"line":1,"column":0},"end":{"line":1,"column":12}},"loc":{"start":{"line":1,"column":20},"end":{"line":4,"column":1}}}},"branchMap":{"0":{"loc":{"start":{"line":1,"column":12},"end":{"line":1,"column":null}},"type":"binary-expr","locations":[{"start":{"line":1,"column":12},"end":{"line":1,"column":20}},{"start":{"line":1,"column":20},"end":{"line":1,"column":null}}]}},"s":{"0":1,"1":1,"2":1},"f":{"0":1},"b":{"0":[1,1]}}
,"/Users/alternate/Desktop/NodeJS1/Lesson3/Express-Auth-app/src/api/enums/UserStatuses.ts": {"path":"/Users/alternate/Desktop/NodeJS1/Lesson3/Express-Auth-app/src/api/enums/UserStatuses.ts","statementMap":{"0":{"start":{"line":1,"column":0},"end":{"line":1,"column":null}},"1":{"start":{"line":2,"column":2},"end":{"line":2,"column":null}},"2":{"start":{"line":3,"column":2},"end":{"line":3,"column":null}},"3":{"start":{"line":4,"column":2},"end":{"line":4,"column":null}}},"fnMap":{"0":{"name":"(anonymous_0)","decl":{"start":{"line":1,"column":0},"end":{"line":1,"column":12}},"loc":{"start":{"line":1,"column":22},"end":{"line":5,"column":1}}}},"branchMap":{"0":{"loc":{"start":{"line":1,"column":12},"end":{"line":1,"column":null}},"type":"binary-expr","locations":[{"start":{"line":1,"column":12},"end":{"line":1,"column":22}},{"start":{"line":1,"column":22},"end":{"line":1,"column":null}}]}},"s":{"0":1,"1":1,"2":1,"3":1},"f":{"0":1},"b":{"0":[1,1]}}
,"/Users/alternate/Desktop/NodeJS1/Lesson3/Express-Auth-app/src/api/repositories/AuthProviderRepository.ts": {"path":"/Users/alternate/Desktop/NodeJS1/Lesson3/Express-Auth-app/src/api/repositories/AuthProviderRepository.ts","statementMap":{"0":{"start":{"line":1,"column":0},"end":{"line":1,"column":43}},"1":{"start":{"line":2,"column":0},"end":{"line":2,"column":51}},"2":{"start":{"line":3,"column":0},"end":{"line":3,"column":63}},"3":{"start":{"line":5,"column":0},"end":{"line":5,"column":47}},"4":{"start":{"line":6,"column":0},"end":{"line":6,"column":67}},"5":{"start":{"line":8,"column":13},"end":{"line":18,"column":3}},"6":{"start":{"line":10,"column":31},"end":{"line":10,"column":75}},"7":{"start":{"line":11,"column":22},"end":{"line":11,"column":57}},"8":{"start":{"line":12,"column":4},"end":{"line":12,"column":39}},"9":{"start":{"line":15,"column":31},"end":{"line":15,"column":67}},"10":{"start":{"line":16,"column":4},"end":{"line":16,"column":84}}},"fnMap":{"0":{"name":"(anonymous_1)","decl":{"start":{"line":9,"column":2},"end":{"line":9,"column":7}},"loc":{"start":{"line":9,"column":43},"end":{"line":13,"column":3}}},"1":{"name":"(anonymous_2)","decl":{"start":{"line":14,"column":2},"end":{"line":14,"column":7}},"loc":{"start":{"line":14,"column":43},"end":{"line":17,"column":3}}}},"branchMap":{"0":{"loc":{"start":{"line":16,"column":11},"end":{"line":16,"column":83}},"type":"cond-expr","locations":[{"start":{"line":16,"column":32},"end":{"line":16,"column":76}},{"start":{"line":16,"column":79},"end":{"line":16,"column":83}}]}},"s":{"0":1,"1":1,"2":1,"3":1,"4":1,"5":1,"6":0,"7":0,"8":0,"9":0,"10":0},"f":{"0":0,"1":0},"b":{"0":[0,0]}}
,"/Users/alternate/Desktop/NodeJS1/Lesson3/Express-Auth-app/src/api/repositories/PhotoRepository.ts": {"path":"/Users/alternate/Desktop/NodeJS1/Lesson3/Express-Auth-app/src/api/repositories/PhotoRepository.ts","statementMap":{"0":{"start":{"line":1,"column":0},"end":{"line":1,"column":53}},"1":{"start":{"line":3,"column":0},"end":{"line":3,"column":43}},"2":{"start":{"line":4,"column":0},"end":{"line":4,"column":49}},"3":{"start":{"line":5,"column":0},"end":{"line":5,"column":51}},"4":{"start":{"line":7,"column":13},"end":{"line":13,"column":3}},"5":{"start":{"line":9,"column":24},"end":{"line":9,"column":54}},"6":{"start":{"line":10,"column":23},"end":{"line":10,"column":51}},"7":{"start":{"line":11,"column":4},"end":{"line":11,"column":41}}},"fnMap":{"0":{"name":"(anonymous_1)","decl":{"start":{"line":8,"column":2},"end":{"line":8,"column":7}},"loc":{"start":{"line":8,"column":30},"end":{"line":12,"column":3}}}},"branchMap":{},"s":{"0":1,"1":1,"2":1,"3":1,"4":1,"5":0,"6":0,"7":0},"f":{"0":0},"b":{}}
,"/Users/alternate/Desktop/NodeJS1/Lesson3/Express-Auth-app/src/api/repositories/UserRepository.ts": {"path":"/Users/alternate/Desktop/NodeJS1/Lesson3/Express-Auth-app/src/api/repositories/UserRepository.ts","statementMap":{"0":{"start":{"line":1,"column":0},"end":{"line":1,"column":43}},"1":{"start":{"line":2,"column":0},"end":{"line":2,"column":54}},"2":{"start":{"line":3,"column":0},"end":{"line":3,"column":51}},"3":{"start":{"line":4,"column":0},"end":{"line":4,"column":47}},"4":{"start":{"line":5,"column":0},"end":{"line":5,"column":51}},"5":{"start":{"line":7,"column":13},"end":{"line":53,"column":3}},"6":{"start":{"line":9,"column":23},"end":{"line":9,"column":51}},"7":{"start":{"line":10,"column":22},"end":{"line":10,"column":49}},"8":{"start":{"line":11,"column":4},"end":{"line":11,"column":39}},"9":{"start":{"line":14,"column":23},"end":{"line":14,"column":66}},"10":{"start":{"line":15,"column":4},"end":{"line":17,"column":5}},"11":{"start":{"line":16,"column":6},"end":{"line":16,"column":50}},"12":{"start":{"line":18,"column":4},"end":{"line":18,"column":40}},"13":{"start":{"line":21,"column":23},"end":{"line":21,"column":54}},"14":{"start":{"line":22,"column":4},"end":{"line":22,"column":60}},"15":{"start":{"line":25,"column":23},"end":{"line":25,"column":67}},"16":{"start":{"line":26,"column":4},"end":{"line":28,"column":5}},"17":{"start":{"line":27,"column":6},"end":{"line":27,"column":49}},"18":{"start":{"line":29,"column":4},"end":{"line":29,"column":40}},"19":{"start":{"line":32,"column":23},"end":{"line":32,"column":51}},"20":{"start":{"line":33,"column":4},"end":{"line":33,"column":60}},"21":{"start":{"line":36,"column":4},"end":{"line":36,"column":58}},"22":{"start":{"line":37,"column":24},"end":{"line":37,"column":60}},"23":{"start":{"line":38,"column":4},"end":{"line":38,"column":56}},"24":{"start":{"line":38,"column":22},"end":{"line":38,"column":56}},"25":{"start":{"line":39,"column":4},"end":{"line":39,"column":41}},"26":{"start":{"line":43,"column":4},"end":{"line":43,"column":59}},"27":{"start":{"line":44,"column":24},"end":{"line":44,"column":60}},"28":{"start":{"line":45,"column":4},"end":{"line":45,"column":56}},"29":{"start":{"line":45,"column":22},"end":{"line":45,"column":56}},"30":{"start":{"line":46,"column":4},"end":{"line":46,"column":41}},"31":{"start":{"line":50,"column":23},"end":{"line":50,"column":83}},"32":{"start":{"line":51,"column":4},"end":{"line":51,"column":60}}},"fnMap":{"0":{"name":"(anonymous_1)","decl":{"start":{"line":8,"column":2},"end":{"line":8,"column":7}},"loc":{"start":{"line":8,"column":27},"end":{"line":12,"column":3}}},"1":{"name":"(anonymous_2)","decl":{"start":{"line":13,"column":2},"end":{"line":13,"column":7}},"loc":{"start":{"line":13,"column":57},"end":{"line":19,"column":3}}},"2":{"name":"(anonymous_3)","decl":{"start":{"line":20,"column":2},"end":{"line":20,"column":7}},"loc":{"start":{"line":20,"column":33},"end":{"line":23,"column":3}}},"3":{"name":"(anonymous_4)","decl":{"start":{"line":24,"column":2},"end":{"line":24,"column":7}},"loc":{"start":{"line":24,"column":59},"end":{"line":30,"column":3}}},"4":{"name":"(anonymous_5)","decl":{"start":{"line":31,"column":2},"end":{"line":31,"column":7}},"loc":{"start":{"line":31,"column":27},"end":{"line":34,"column":3}}},"5":{"name":"(anonymous_6)","decl":{"start":{"line":35,"column":2},"end":{"line":35,"column":7}},"loc":{"start":{"line":35,"column":33},"end":{"line":40,"column":3}}},"6":{"name":"(anonymous_7)","decl":{"start":{"line":42,"column":2},"end":{"line":42,"column":7}},"loc":{"start":{"line":42,"column":34},"end":{"line":47,"column":3}}},"7":{"name":"(anonymous_8)","decl":{"start":{"line":49,"column":2},"end":{"line":49,"column":7}},"loc":{"start":{"line":49,"column":37},"end":{"line":52,"column":3}}}},"branchMap":{"0":{"loc":{"start":{"line":15,"column":4},"end":{"line":17,"column":5}},"type":"if","locations":[{"start":{"line":15,"column":4},"end":{"line":17,"column":5}}]},"1":{"loc":{"start":{"line":22,"column":11},"end":{"line":22,"column":59}},"type":"cond-expr","locations":[{"start":{"line":22,"column":24},"end":{"line":22,"column":52}},{"start":{"line":22,"column":55},"end":{"line":22,"column":59}}]},"2":{"loc":{"start":{"line":26,"column":4},"end":{"line":28,"column":5}},"type":"if","locations":[{"start":{"line":26,"column":4},"end":{"line":28,"column":5}}]},"3":{"loc":{"start":{"line":33,"column":11},"end":{"line":33,"column":59}},"type":"cond-expr","locations":[{"start":{"line":33,"column":24},"end":{"line":33,"column":52}},{"start":{"line":33,"column":55},"end":{"line":33,"column":59}}]},"4":{"loc":{"start":{"line":38,"column":4},"end":{"line":38,"column":56}},"type":"if","locations":[{"start":{"line":38,"column":4},"end":{"line":38,"column":56}}]},"5":{"loc":{"start":{"line":45,"column":4},"end":{"line":45,"column":56}},"type":"if","locations":[{"start":{"line":45,"column":4},"end":{"line":45,"column":56}}]},"6":{"loc":{"start":{"line":51,"column":11},"end":{"line":51,"column":59}},"type":"cond-expr","locations":[{"start":{"line":51,"column":24},"end":{"line":51,"column":52}},{"start":{"line":51,"column":55},"end":{"line":51,"column":59}}]}},"s":{"0":1,"1":1,"2":1,"3":1,"4":1,"5":1,"6":0,"7":0,"8":0,"9":0,"10":0,"11":0,"12":0,"13":0,"14":0,"15":0,"16":0,"17":0,"18":0,"19":0,"20":0,"21":0,"22":0,"23":0,"24":0,"25":0,"26":0,"27":0,"28":0,"29":0,"30":0,"31":0,"32":0},"f":{"0":0,"1":0,"2":0,"3":0,"4":0,"5":0,"6":0,"7":0},"b":{"0":[0],"1":[0,0],"2":[0],"3":[0,0],"4":[0],"5":[0],"6":[0,0]}}
,"/Users/alternate/Desktop/NodeJS1/Lesson3/Express-Auth-app/src/api/repositories/UnitOfWork/UnitOfWork.ts": {"path":"/Users/alternate/Desktop/NodeJS1/Lesson3/Express-Auth-app/src/api/repositories/UnitOfWork/UnitOfWork.ts","statementMap":{"0":{"start":{"line":1,"column":0},"end":{"line":1,"column":33}},"1":{"start":{"line":3,"column":0},"end":{"line":3,"column":67}},"2":{"start":{"line":4,"column":0},"end":{"line":4,"column":53}},"3":{"start":{"line":5,"column":0},"end":{"line":5,"column":51}},"4":{"start":{"line":8,"column":23},"end":{"line":22,"column":null}},"5":{"start":{"line":10,"column":11},"end":{"line":10,"column":48}},"6":{"start":{"line":11,"column":11},"end":{"line":11,"column":64}},"7":{"start":{"line":12,"column":11},"end":{"line":12,"column":50}},"8":{"start":{"line":16,"column":4},"end":{"line":20,"column":6}},"9":{"start":{"line":8,"column":13},"end":{"line":8,"column":23}},"10":{"start":{"line":8,"column":13},"end":{"line":22,"column":null}}},"fnMap":{"0":{"name":"(anonymous_2)","decl":{"start":{"line":9,"column":2},"end":{"line":9,"column":null}},"loc":{"start":{"line":12,"column":50},"end":{"line":13,"column":6}}},"1":{"name":"(anonymous_3)","decl":{"start":{"line":15,"column":9},"end":{"line":15,"column":15}},"loc":{"start":{"line":15,"column":45},"end":{"line":21,"column":3}}}},"branchMap":{},"s":{"0":1,"1":1,"2":1,"3":1,"4":1,"5":0,"6":0,"7":0,"8":0,"9":1,"10":1},"f":{"0":0,"1":0},"b":{}}
,"/Users/alternate/Desktop/NodeJS1/Lesson3/Express-Auth-app/src/api/repositories/entities/AuthProviderEntity.ts": {"path":"/Users/alternate/Desktop/NodeJS1/Lesson3/Express-Auth-app/src/api/repositories/entities/AuthProviderEntity.ts","statementMap":{"0":{"start":{"line":1,"column":0},"end":{"line":1,"column":null}},"1":{"start":{"line":11,"column":0},"end":{"line":11,"column":44}},"2":{"start":{"line":12,"column":0},"end":{"line":12,"column":45}},"3":{"start":{"line":13,"column":0},"end":{"line":13,"column":42}},"4":{"start":{"line":14,"column":0},"end":{"line":14,"column":42}},"5":{"start":{"line":16,"column":7},"end":{"line":35,"column":null}},"6":{"start":{"line":16,"column":13},"end":{"line":16,"column":31}},"7":{"start":{"line":20,"column":9},"end":{"line":20,"column":null}},"8":{"start":{"line":25,"column":9},"end":{"line":25,"column":null}},"9":{"start":{"line":30,"column":9},"end":{"line":30,"column":null}},"10":{"start":{"line":34,"column":9},"end":{"line":34,"column":null}},"11":{"start":{"line":32,"column":19},"end":{"line":32,"column":29}},"12":{"start":{"line":32,"column":41},"end":{"line":32,"column":59}},"13":{"start":{"line":16,"column":13},"end":{"line":35,"column":null}}},"fnMap":{"0":{"name":"(anonymous_2)","decl":{"start":{"line":32,"column":13},"end":{"line":32,"column":16}},"loc":{"start":{"line":32,"column":19},"end":{"line":32,"column":29}}},"1":{"name":"(anonymous_3)","decl":{"start":{"line":32,"column":31},"end":{"line":32,"column":32}},"loc":{"start":{"line":32,"column":41},"end":{"line":32,"column":59}}}},"branchMap":{},"s":{"0":1,"1":1,"2":1,"3":1,"4":1,"5":1,"6":1,"7":1,"8":1,"9":1,"10":1,"11":0,"12":0,"13":1},"f":{"0":0,"1":0},"b":{}}
,"/Users/alternate/Desktop/NodeJS1/Lesson3/Express-Auth-app/src/api/repositories/entities/BaseEntity.ts": {"path":"/Users/alternate/Desktop/NodeJS1/Lesson3/Express-Auth-app/src/api/repositories/entities/BaseEntity.ts","statementMap":{"0":{"start":{"line":1,"column":0},"end":{"line":1,"column":85}},"1":{"start":{"line":2,"column":0},"end":{"line":2,"column":44}},"2":{"start":{"line":4,"column":0},"end":{"line":4,"column":13}},"3":{"start":{"line":7,"column":9},"end":{"line":7,"column":null}},"4":{"start":{"line":11,"column":9},"end":{"line":11,"column":null}},"5":{"start":{"line":15,"column":9},"end":{"line":15,"column":null}}},"fnMap":{},"branchMap":{},"s":{"0":1,"1":1,"2":1,"3":1,"4":1,"5":1},"f":{},"b":{}}
,"/Users/alternate/Desktop/NodeJS1/Lesson3/Express-Auth-app/src/api/repositories/entities/PhotoEntity.ts": {"path":"/Users/alternate/Desktop/NodeJS1/Lesson3/Express-Auth-app/src/api/repositories/entities/PhotoEntity.ts","statementMap":{"0":{"start":{"line":1,"column":0},"end":{"line":1,"column":52}},"1":{"start":{"line":2,"column":0},"end":{"line":2,"column":50}},"2":{"start":{"line":3,"column":0},"end":{"line":3,"column":42}},"3":{"start":{"line":4,"column":0},"end":{"line":4,"column":44}},"4":{"start":{"line":5,"column":0},"end":{"line":5,"column":42}},"5":{"start":{"line":8,"column":7},"end":{"line":22,"column":null}},"6":{"start":{"line":8,"column":13},"end":{"line":8,"column":24}},"7":{"start":{"line":12,"column":2},"end":{"line":12,"column":null}},"8":{"start":{"line":17,"column":2},"end":{"line":17,"column":null}},"9":{"start":{"line":21,"column":2},"end":{"line":21,"column":null}},"10":{"start":{"line":20,"column":19},"end":{"line":20,"column":29}},"11":{"start":{"line":20,"column":41},"end":{"line":20,"column":52}},"12":{"start":{"line":8,"column":13},"end":{"line":22,"column":null}}},"fnMap":{"0":{"name":"(anonymous_2)","decl":{"start":{"line":20,"column":13},"end":{"line":20,"column":16}},"loc":{"start":{"line":20,"column":19},"end":{"line":20,"column":29}}},"1":{"name":"(anonymous_3)","decl":{"start":{"line":20,"column":31},"end":{"line":20,"column":32}},"loc":{"start":{"line":20,"column":41},"end":{"line":20,"column":52}}}},"branchMap":{},"s":{"0":1,"1":1,"2":1,"3":1,"4":1,"5":1,"6":1,"7":1,"8":1,"9":1,"10":0,"11":0,"12":1},"f":{"0":0,"1":0},"b":{}}
,"/Users/alternate/Desktop/NodeJS1/Lesson3/Express-Auth-app/src/api/repositories/entities/UserEntity.ts": {"path":"/Users/alternate/Desktop/NodeJS1/Lesson3/Express-Auth-app/src/api/repositories/entities/UserEntity.ts","statementMap":{"0":{"start":{"line":1,"column":0},"end":{"line":1,"column":26}},"1":{"start":{"line":2,"column":0},"end":{"line":2,"column":119}},"2":{"start":{"line":3,"column":0},"end":{"line":3,"column":82}},"3":{"start":{"line":4,"column":0},"end":{"line":4,"column":48}},"4":{"start":{"line":6,"column":0},"end":{"line":6,"column":44}},"5":{"start":{"line":7,"column":0},"end":{"line":7,"column":58}},"6":{"start":{"line":8,"column":0},"end":{"line":8,"column":54}},"7":{"start":{"line":9,"column":0},"end":{"line":9,"column":42}},"8":{"start":{"line":10,"column":0},"end":{"line":10,"column":44}},"9":{"start":{"line":13,"column":7},"end":{"line":68,"column":null}},"10":{"start":{"line":13,"column":13},"end":{"line":13,"column":23}},"11":{"start":{"line":17,"column":9},"end":{"line":17,"column":null}},"12":{"start":{"line":22,"column":9},"end":{"line":22,"column":null}},"13":{"start":{"line":28,"column":9},"end":{"line":28,"column":null}},"14":{"start":{"line":33,"column":9},"end":{"line":33,"column":null}},"15":{"start":{"line":37,"column":2},"end":{"line":37,"column":null}},"16":{"start":{"line":42,"column":9},"end":{"line":42,"column":null}},"17":{"start":{"line":47,"column":2},"end":{"line":47,"column":null}},"18":{"start":{"line":51,"column":2},"end":{"line":51,"column":null}},"19":{"start":{"line":55,"column":2},"end":{"line":55,"column":null}},"20":{"start":{"line":58,"column":9},"end":{"line":58,"column":null}},"21":{"start":{"line":57,"column":19},"end":{"line":57,"column":37}},"22":{"start":{"line":57,"column":53},"end":{"line":57,"column":66}},"23":{"start":{"line":62,"column":2},"end":{"line":62,"column":null}},"24":{"start":{"line":67,"column":2},"end":{"line":67,"column":null}},"25":{"start":{"line":65,"column":19},"end":{"line":65,"column":30}},"26":{"start":{"line":65,"column":43},"end":{"line":65,"column":53}},"27":{"start":{"line":13,"column":13},"end":{"line":68,"column":null}}},"fnMap":{"0":{"name":"(anonymous_2)","decl":{"start":{"line":57,"column":13},"end":{"line":57,"column":16}},"loc":{"start":{"line":57,"column":19},"end":{"line":57,"column":37}}},"1":{"name":"(anonymous_3)","decl":{"start":{"line":57,"column":39},"end":{"line":57,"column":40}},"loc":{"start":{"line":57,"column":53},"end":{"line":57,"column":66}}},"2":{"name":"(anonymous_4)","decl":{"start":{"line":65,"column":13},"end":{"line":65,"column":16}},"loc":{"start":{"line":65,"column":19},"end":{"line":65,"column":30}}},"3":{"name":"(anonymous_5)","decl":{"start":{"line":65,"column":32},"end":{"line":65,"column":33}},"loc":{"start":{"line":65,"column":43},"end":{"line":65,"column":53}}}},"branchMap":{},"s":{"0":1,"1":1,"2":1,"3":1,"4":1,"5":1,"6":1,"7":1,"8":1,"9":1,"10":1,"11":1,"12":1,"13":1,"14":1,"15":1,"16":1,"17":1,"18":1,"19":1,"20":1,"21":0,"22":0,"23":1,"24":1,"25":0,"26":0,"27":1},"f":{"0":0,"1":0,"2":0,"3":0},"b":{}}
,"/Users/alternate/Desktop/NodeJS1/Lesson3/Express-Auth-app/src/api/services/AuthService.ts": {"path":"/Users/alternate/Desktop/NodeJS1/Lesson3/Express-Auth-app/src/api/services/AuthService.ts","statementMap":{"0":{"start":{"line":1,"column":0},"end":{"line":1,"column":44}},"1":{"start":{"line":3,"column":0},"end":{"line":3,"column":37}},"2":{"start":{"line":4,"column":0},"end":{"line":4,"column":32}},"3":{"start":{"line":5,"column":0},"end":{"line":5,"column":36}},"4":{"start":{"line":6,"column":0},"end":{"line":6,"column":36}},"5":{"start":{"line":7,"column":0},"end":{"line":7,"column":64}},"6":{"start":{"line":8,"column":0},"end":{"line":8,"column":44}},"7":{"start":{"line":9,"column":0},"end":{"line":9,"column":51}},"8":{"start":{"line":11,"column":0},"end":{"line":11,"column":54}},"9":{"start":{"line":12,"column":0},"end":{"line":12,"column":37}},"10":{"start":{"line":13,"column":0},"end":{"line":13,"column":34}},"11":{"start":{"line":14,"column":0},"end":{"line":14,"column":80}},"12":{"start":{"line":16,"column":0},"end":{"line":16,"column":44}},"13":{"start":{"line":17,"column":0},"end":{"line":17,"column":51}},"14":{"start":{"line":18,"column":0},"end":{"line":18,"column":44}},"15":{"start":{"line":25,"column":7},"end":{"line":180,"column":null}},"16":{"start":{"line":30,"column":4},"end":{"line":30,"column":12}},"17":{"start":{"line":27,"column":12},"end":{"line":27,"column":25}},"18":{"start":{"line":28,"column":12},"end":{"line":28,"column":25}},"19":{"start":{"line":34,"column":4},"end":{"line":70,"column":5}},"20":{"start":{"line":35,"column":6},"end":{"line":64,"column":9}},"21":{"start":{"line":36,"column":29},"end":{"line":36,"column":64}},"22":{"start":{"line":37,"column":34},"end":{"line":37,"column":66}},"23":{"start":{"line":38,"column":35},"end":{"line":38,"column":67}},"24":{"start":{"line":39,"column":21},"end":{"line":39,"column":31}},"25":{"start":{"line":40,"column":8},"end":{"line":40,"column":44}},"26":{"start":{"line":41,"column":8},"end":{"line":41,"column":42}},"27":{"start":{"line":42,"column":8},"end":{"line":42,"column":36}},"28":{"start":{"line":43,"column":8},"end":{"line":43,"column":41}},"29":{"start":{"line":44,"column":8},"end":{"line":44,"column":27}},"30":{"start":{"line":45,"column":8},"end":{"line":45,"column":28}},"31":{"start":{"line":46,"column":8},"end":{"line":46,"column":51}},"32":{"start":{"line":47,"column":8},"end":{"line":47,"column":53}},"33":{"start":{"line":48,"column":8},"end":{"line":48,"column":33}},"34":{"start":{"line":49,"column":26},"end":{"line":49,"column":72}},"35":{"start":{"line":51,"column":26},"end":{"line":55,"column":null}},"36":{"start":{"line":58,"column":8},"end":{"line":61,"column":9}},"37":{"start":{"line":59,"column":10},"end":{"line":59,"column":39}},"38":{"start":{"line":60,"column":10},"end":{"line":60,"column":94}},"39":{"start":{"line":63,"column":8},"end":{"line":63,"column":25}},"40":{"start":{"line":66,"column":6},"end":{"line":68,"column":7}},"41":{"start":{"line":67,"column":8},"end":{"line":67,"column":38}},"42":{"start":{"line":69,"column":6},"end":{"line":69,"column":18}},"43":{"start":{"line":74,"column":17},"end":{"line":74,"column":80}},"44":{"start":{"line":75,"column":4},"end":{"line":75,"column":36}},"45":{"start":{"line":76,"column":4},"end":{"line":76,"column":36}},"46":{"start":{"line":80,"column":4},"end":{"line":92,"column":7}},"47":{"start":{"line":81,"column":19},"end":{"line":81,"column":79}},"48":{"start":{"line":82,"column":6},"end":{"line":82,"column":65}},"49":{"start":{"line":82,"column":17},"end":{"line":82,"column":65}},"50":{"start":{"line":84,"column":6},"end":{"line":86,"column":7}},"51":{"start":{"line":85,"column":8},"end":{"line":85,"column":58}},"52":{"start":{"line":88,"column":24},"end":{"line":88,"column":81}},"53":{"start":{"line":89,"column":6},"end":{"line":89,"column":70}},"54":{"start":{"line":89,"column":22},"end":{"line":89,"column":70}},"55":{"start":{"line":91,"column":6},"end":{"line":91,"column":65}},"56":{"start":{"line":95,"column":20},"end":{"line":97,"column":6}},"57":{"start":{"line":98,"column":19},"end":{"line":98,"column":35}},"58":{"start":{"line":99,"column":22},"end":{"line":99,"column":40}},"59":{"start":{"line":100,"column":26},"end":{"line":100,"column":48}},"60":{"start":{"line":102,"column":18},"end":{"line":102,"column":102}},"61":{"start":{"line":103,"column":19},"end":{"line":103,"column":29}},"62":{"start":{"line":104,"column":4},"end":{"line":104,"column":25}},"63":{"start":{"line":105,"column":4},"end":{"line":105,"column":18}},"64":{"start":{"line":109,"column":17},"end":{"line":109,"column":56}},"65":{"start":{"line":110,"column":4},"end":{"line":110,"column":63}},"66":{"start":{"line":110,"column":15},"end":{"line":110,"column":63}},"67":{"start":{"line":111,"column":22},"end":{"line":111,"column":112}},"68":{"start":{"line":112,"column":4},"end":{"line":114,"column":5}},"69":{"start":{"line":113,"column":6},"end":{"line":113,"column":54}},"70":{"start":{"line":118,"column":17},"end":{"line":118,"column":69}},"71":{"start":{"line":119,"column":4},"end":{"line":119,"column":51}},"72":{"start":{"line":120,"column":4},"end":{"line":120,"column":36}},"73":{"start":{"line":124,"column":4},"end":{"line":124,"column":20}},"74":{"start":{"line":128,"column":4},"end":{"line":128,"column":36}},"75":{"start":{"line":131,"column":4},"end":{"line":154,"column":5}},"76":{"start":{"line":132,"column":17},"end":{"line":132,"column":65}},"77":{"start":{"line":133,"column":6},"end":{"line":137,"column":7}},"78":{"start":{"line":134,"column":8},"end":{"line":134,"column":31}},"79":{"start":{"line":135,"column":8},"end":{"line":135,"column":44}},"80":{"start":{"line":136,"column":8},"end":{"line":136,"column":55}},"81":{"start":{"line":138,"column":33},"end":{"line":138,"column":107}},"82":{"start":{"line":140,"column":6},"end":{"line":148,"column":7}},"83":{"start":{"line":141,"column":8},"end":{"line":141,"column":42}},"84":{"start":{"line":142,"column":8},"end":{"line":142,"column":60}},"85":{"start":{"line":144,"column":8},"end":{"line":147,"column":10}},"86":{"start":{"line":150,"column":6},"end":{"line":150,"column":18}},"87":{"start":{"line":152,"column":6},"end":{"line":152,"column":57}},"88":{"start":{"line":153,"column":6},"end":{"line":153,"column":56}},"89":{"start":{"line":158,"column":4},"end":{"line":173,"column":5}},"90":{"start":{"line":159,"column":22},"end":{"line":159,"column":71}},"91":{"start":{"line":160,"column":19},"end":{"line":160,"column":61}},"92":{"start":{"line":161,"column":6},"end":{"line":163,"column":7}},"93":{"start":{"line":162,"column":8},"end":{"line":162,"column":57}},"94":{"start":{"line":165,"column":6},"end":{"line":167,"column":7}},"95":{"start":{"line":166,"column":8},"end":{"line":166,"column":51}},"96":{"start":{"line":169,"column":6},"end":{"line":169,"column":21}},"97":{"start":{"line":171,"column":6},"end":{"line":171,"column":23}},"98":{"start":{"line":172,"column":6},"end":{"line":172,"column":52}},"99":{"start":{"line":177,"column":29},"end":{"line":177,"column":60}},"100":{"start":{"line":178,"column":4},"end":{"line":178,"column":42}},"101":{"start":{"line":25,"column":13},"end":{"line":25,"column":24}},"102":{"start":{"line":25,"column":13},"end":{"line":180,"column":null}}},"fnMap":{"0":{"name":"(anonymous_9)","decl":{"start":{"line":26,"column":2},"end":{"line":26,"column":null}},"loc":{"start":{"line":28,"column":36},"end":{"line":31,"column":3}}},"1":{"name":"(anonymous_10)","decl":{"start":{"line":33,"column":9},"end":{"line":33,"column":14}},"loc":{"start":{"line":33,"column":46},"end":{"line":71,"column":3}}},"2":{"name":"(anonymous_11)","decl":{"start":{"line":35,"column":36},"end":{"line":35,"column":41}},"loc":{"start":{"line":35,"column":57},"end":{"line":64,"column":7}}},"3":{"name":"(anonymous_12)","decl":{"start":{"line":73,"column":9},"end":{"line":73,"column":14}},"loc":{"start":{"line":73,"column":53},"end":{"line":77,"column":3}}},"4":{"name":"(anonymous_13)","decl":{"start":{"line":79,"column":2},"end":{"line":79,"column":7}},"loc":{"start":{"line":79,"column":34},"end":{"line":93,"column":3}}},"5":{"name":"(anonymous_14)","decl":{"start":{"line":80,"column":34},"end":{"line":80,"column":39}},"loc":{"start":{"line":80,"column":55},"end":{"line":92,"column":5}}},"6":{"name":"(anonymous_15)","decl":{"start":{"line":94,"column":2},"end":{"line":94,"column":7}},"loc":{"start":{"line":94,"column":54},"end":{"line":106,"column":3}}},"7":{"name":"(anonymous_16)","decl":{"start":{"line":108,"column":9},"end":{"line":108,"column":14}},"loc":{"start":{"line":108,"column":42},"end":{"line":115,"column":3}}},"8":{"name":"(anonymous_17)","decl":{"start":{"line":117,"column":9},"end":{"line":117,"column":14}},"loc":{"start":{"line":117,"column":58},"end":{"line":121,"column":3}}},"9":{"name":"(anonymous_18)","decl":{"start":{"line":123,"column":9},"end":{"line":123,"column":34}},"loc":{"start":{"line":123,"column":34},"end":{"line":125,"column":3}}},"10":{"name":"(anonymous_19)","decl":{"start":{"line":127,"column":2},"end":{"line":127,"column":7}},"loc":{"start":{"line":127,"column":30},"end":{"line":129,"column":3}}},"11":{"name":"(anonymous_20)","decl":{"start":{"line":130,"column":9},"end":{"line":130,"column":14}},"loc":{"start":{"line":130,"column":90},"end":{"line":155,"column":3}}},"12":{"name":"(anonymous_21)","decl":{"start":{"line":157,"column":9},"end":{"line":157,"column":14}},"loc":{"start":{"line":157,"column":57},"end":{"line":174,"column":3}}},"13":{"name":"(anonymous_22)","decl":{"start":{"line":176,"column":9},"end":{"line":176,"column":14}},"loc":{"start":{"line":176,"column":36},"end":{"line":179,"column":3}}}},"branchMap":{"0":{"loc":{"start":{"line":58,"column":8},"end":{"line":61,"column":9}},"type":"if","locations":[{"start":{"line":58,"column":8},"end":{"line":61,"column":9}}]},"1":{"loc":{"start":{"line":66,"column":6},"end":{"line":68,"column":7}},"type":"if","locations":[{"start":{"line":66,"column":6},"end":{"line":68,"column":7}}]},"2":{"loc":{"start":{"line":82,"column":6},"end":{"line":82,"column":65}},"type":"if","locations":[{"start":{"line":82,"column":6},"end":{"line":82,"column":65}}]},"3":{"loc":{"start":{"line":84,"column":6},"end":{"line":86,"column":7}},"type":"if","locations":[{"start":{"line":84,"column":6},"end":{"line":86,"column":7}}]},"4":{"loc":{"start":{"line":89,"column":6},"end":{"line":89,"column":70}},"type":"if","locations":[{"start":{"line":89,"column":6},"end":{"line":89,"column":70}}]},"5":{"loc":{"start":{"line":102,"column":57},"end":{"line":102,"column":99}},"type":"cond-expr","locations":[{"start":{"line":102,"column":70},"end":{"line":102,"column":83}},{"start":{"line":102,"column":86},"end":{"line":102,"column":99}}]},"6":{"loc":{"start":{"line":110,"column":4},"end":{"line":110,"column":63}},"type":"if","locations":[{"start":{"line":110,"column":4},"end":{"line":110,"column":63}}]},"7":{"loc":{"start":{"line":112,"column":4},"end":{"line":114,"column":5}},"type":"if","locations":[{"start":{"line":112,"column":4},"end":{"line":114,"column":5}}]},"8":{"loc":{"start":{"line":133,"column":6},"end":{"line":137,"column":7}},"type":"if","locations":[{"start":{"line":133,"column":6},"end":{"line":137,"column":7}}]},"9":{"loc":{"start":{"line":140,"column":6},"end":{"line":148,"column":7}},"type":"if","locations":[{"start":{"line":140,"column":6},"end":{"line":148,"column":7}},{"start":{"line":143,"column":13},"end":{"line":148,"column":7}}]},"10":{"loc":{"start":{"line":161,"column":6},"end":{"line":163,"column":7}},"type":"if","locations":[{"start":{"line":161,"column":6},"end":{"line":163,"column":7}}]},"11":{"loc":{"start":{"line":165,"column":6},"end":{"line":167,"column":7}},"type":"if","locations":[{"start":{"line":165,"column":6},"end":{"line":167,"column":7}}]},"12":{"loc":{"start":{"line":165,"column":10},"end":{"line":165,"column":45}},"type":"binary-expr","locations":[{"start":{"line":165,"column":10},"end":{"line":165,"column":15}},{"start":{"line":165,"column":19},"end":{"line":165,"column":45}}]}},"s":{"0":1,"1":1,"2":1,"3":1,"4":1,"5":1,"6":1,"7":1,"8":1,"9":1,"10":1,"11":1,"12":1,"13":1,"14":1,"15":1,"16":6,"17":6,"18":6,"19":3,"20":3,"21":3,"22":3,"23":3,"24":3,"25":3,"26":3,"27":3,"28":3,"29":3,"30":3,"31":3,"32":3,"33":3,"34":3,"35":1,"36":1,"37":1,"38":1,"39":1,"40":2,"41":1,"42":1,"43":0,"44":0,"45":0,"46":3,"47":3,"48":3,"49":1,"50":2,"51":1,"52":1,"53":1,"54":0,"55":1,"56":1,"57":1,"58":1,"59":1,"60":1,"61":1,"62":1,"63":1,"64":0,"65":0,"66":0,"67":0,"68":0,"69":0,"70":0,"71":0,"72":0,"73":6,"74":0,"75":0,"76":0,"77":0,"78":0,"79":0,"80":0,"81":0,"82":0,"83":0,"84":0,"85":0,"86":0,"87":0,"88":0,"89":0,"90":0,"91":0,"92":0,"93":0,"94":0,"95":0,"96":0,"97":0,"98":0,"99":0,"100":0,"101":1,"102":1},"f":{"0":6,"1":3,"2":3,"3":0,"4":3,"5":3,"6":1,"7":0,"8":0,"9":6,"10":0,"11":0,"12":0,"13":0},"b":{"0":[1],"1":[1],"2":[1],"3":[1],"4":[0],"5":[0,1],"6":[0],"7":[0],"8":[0],"9":[0,0],"10":[0],"11":[0],"12":[0,0]}}
,"/Users/alternate/Desktop/NodeJS1/Lesson3/Express-Auth-app/src/api/services/BaseService.ts": {"path":"/Users/alternate/Desktop/NodeJS1/Lesson3/Express-Auth-app/src/api/services/BaseService.ts","statementMap":{"0":{"start":{"line":1,"column":0},"end":{"line":1,"column":33}},"1":{"start":{"line":3,"column":0},"end":{"line":3,"column":36}},"2":{"start":{"line":5,"column":0},"end":{"line":5,"column":66}},"3":{"start":{"line":9,"column":7},"end":{"line":24,"column":null}},"4":{"start":{"line":11,"column":4},"end":{"line":11,"column":12}},"5":{"start":{"line":15,"column":16},"end":{"line":15,"column":26}},"6":{"start":{"line":16,"column":4},"end":{"line":16,"column":33}},"7":{"start":{"line":17,"column":4},"end":{"line":17,"column":26}},"8":{"start":{"line":18,"column":4},"end":{"line":18,"column":26}},"9":{"start":{"line":22,"column":4},"end":{"line":22,"column":20}},"10":{"start":{"line":9,"column":13},"end":{"line":9,"column":24}},"11":{"start":{"line":9,"column":13},"end":{"line":24,"column":null}}},"fnMap":{"0":{"name":"(anonymous_2)","decl":{"start":{"line":10,"column":2},"end":{"line":10,"column":null}},"loc":{"start":{"line":10,"column":2},"end":{"line":12,"column":3}}},"1":{"name":"(anonymous_3)","decl":{"start":{"line":14,"column":9},"end":{"line":14,"column":27}},"loc":{"start":{"line":14,"column":44},"end":{"line":19,"column":3}}},"2":{"name":"(anonymous_4)","decl":{"start":{"line":21,"column":10},"end":{"line":21,"column":20}},"loc":{"start":{"line":21,"column":20},"end":{"line":23,"column":3}}}},"branchMap":{},"s":{"0":1,"1":1,"2":1,"3":1,"4":12,"5":0,"6":0,"7":0,"8":0,"9":0,"10":1,"11":1},"f":{"0":12,"1":0,"2":0},"b":{}}
,"/Users/alternate/Desktop/NodeJS1/Lesson3/Express-Auth-app/src/api/services/MailService.ts": {"path":"/Users/alternate/Desktop/NodeJS1/Lesson3/Express-Auth-app/src/api/services/MailService.ts","statementMap":{"0":{"start":{"line":1,"column":0},"end":{"line":1,"column":33}},"1":{"start":{"line":2,"column":0},"end":{"line":2,"column":36}},"2":{"start":{"line":3,"column":0},"end":{"line":3,"column":34}},"3":{"start":{"line":7,"column":7},"end":{"line":36,"column":null}},"4":{"start":{"line":14,"column":4},"end":{"line":14,"column":44}},"5":{"start":{"line":15,"column":16},"end":{"line":20,"column":6}},"6":{"start":{"line":22,"column":4},"end":{"line":34,"column":5}},"7":{"start":{"line":23,"column":25},"end":{"line":23,"column":47}},"8":{"start":{"line":24,"column":6},"end":{"line":30,"column":7}},"9":{"start":{"line":25,"column":8},"end":{"line":25,"column":54}},"10":{"start":{"line":26,"column":8},"end":{"line":26,"column":20}},"11":{"start":{"line":28,"column":8},"end":{"line":28,"column":66}},"12":{"start":{"line":29,"column":8},"end":{"line":29,"column":21}},"13":{"start":{"line":32,"column":6},"end":{"line":32,"column":56}},"14":{"start":{"line":33,"column":6},"end":{"line":33,"column":19}},"15":{"start":{"line":7,"column":13},"end":{"line":7,"column":24}},"16":{"start":{"line":7,"column":13},"end":{"line":36,"column":null}}},"fnMap":{"0":{"name":"(anonymous_2)","decl":{"start":{"line":8,"column":9},"end":{"line":8,"column":14}},"loc":{"start":{"line":12,"column":14},"end":{"line":35,"column":3}}}},"branchMap":{"0":{"loc":{"start":{"line":24,"column":6},"end":{"line":30,"column":7}},"type":"if","locations":[{"start":{"line":24,"column":6},"end":{"line":30,"column":7}},{"start":{"line":27,"column":13},"end":{"line":30,"column":7}}]}},"s":{"0":1,"1":1,"2":1,"3":1,"4":0,"5":0,"6":0,"7":0,"8":0,"9":0,"10":0,"11":0,"12":0,"13":0,"14":0,"15":1,"16":1},"f":{"0":0},"b":{"0":[0,0]}}
,"/Users/alternate/Desktop/NodeJS1/Lesson3/Express-Auth-app/src/api/services/PhotoService.ts": {"path":"/Users/alternate/Desktop/NodeJS1/Lesson3/Express-Auth-app/src/api/services/PhotoService.ts","statementMap":{"0":{"start":{"line":1,"column":0},"end":{"line":1,"column":33}},"1":{"start":{"line":3,"column":0},"end":{"line":3,"column":39}},"2":{"start":{"line":5,"column":0},"end":{"line":5,"column":44}},"3":{"start":{"line":6,"column":0},"end":{"line":6,"column":34}},"4":{"start":{"line":8,"column":0},"end":{"line":8,"column":34}},"5":{"start":{"line":11,"column":7},"end":{"line":38,"column":null}},"6":{"start":{"line":13,"column":4},"end":{"line":13,"column":12}},"7":{"start":{"line":17,"column":25},"end":{"line":17,"column":62}},"8":{"start":{"line":18,"column":18},"end":{"line":18,"column":29}},"9":{"start":{"line":19,"column":4},"end":{"line":19,"column":35}},"10":{"start":{"line":20,"column":4},"end":{"line":20,"column":26}},"11":{"start":{"line":21,"column":4},"end":{"line":21,"column":29}},"12":{"start":{"line":22,"column":4},"end":{"line":22,"column":22}},"13":{"start":{"line":23,"column":23},"end":{"line":23,"column":72}},"14":{"start":{"line":24,"column":4},"end":{"line":24,"column":22}},"15":{"start":{"line":28,"column":4},"end":{"line":36,"column":5}},"16":{"start":{"line":29,"column":6},"end":{"line":29,"column":31}},"17":{"start":{"line":31,"column":6},"end":{"line":35,"column":7}},"18":{"start":{"line":32,"column":8},"end":{"line":32,"column":53}},"19":{"start":{"line":34,"column":8},"end":{"line":34,"column":20}},"20":{"start":{"line":11,"column":13},"end":{"line":11,"column":25}},"21":{"start":{"line":11,"column":13},"end":{"line":38,"column":null}}},"fnMap":{"0":{"name":"(anonymous_9)","decl":{"start":{"line":12,"column":2},"end":{"line":12,"column":null}},"loc":{"start":{"line":12,"column":2},"end":{"line":14,"column":3}}},"1":{"name":"(anonymous_10)","decl":{"start":{"line":16,"column":9},"end":{"line":16,"column":14}},"loc":{"start":{"line":16,"column":77},"end":{"line":25,"column":3}}},"2":{"name":"(anonymous_11)","decl":{"start":{"line":27,"column":9},"end":{"line":27,"column":14}},"loc":{"start":{"line":27,"column":46},"end":{"line":37,"column":3}}}},"branchMap":{"0":{"loc":{"start":{"line":31,"column":6},"end":{"line":35,"column":7}},"type":"if","locations":[{"start":{"line":31,"column":6},"end":{"line":35,"column":7}},{"start":{"line":33,"column":13},"end":{"line":35,"column":7}}]}},"s":{"0":1,"1":1,"2":1,"3":1,"4":1,"5":1,"6":0,"7":0,"8":0,"9":0,"10":0,"11":0,"12":0,"13":0,"14":0,"15":0,"16":0,"17":0,"18":0,"19":0,"20":1,"21":1},"f":{"0":0,"1":0,"2":0},"b":{"0":[0,0]}}
,"/Users/alternate/Desktop/NodeJS1/Lesson3/Express-Auth-app/src/api/services/UserService.ts": {"path":"/Users/alternate/Desktop/NodeJS1/Lesson3/Express-Auth-app/src/api/services/UserService.ts","statementMap":{"0":{"start":{"line":1,"column":0},"end":{"line":1,"column":24}},"1":{"start":{"line":2,"column":0},"end":{"line":2,"column":33}},"2":{"start":{"line":3,"column":0},"end":{"line":3,"column":34}},"3":{"start":{"line":4,"column":0},"end":{"line":4,"column":64}},"4":{"start":{"line":5,"column":0},"end":{"line":5,"column":44}},"5":{"start":{"line":7,"column":0},"end":{"line":7,"column":46}},"6":{"start":{"line":8,"column":0},"end":{"line":8,"column":24}},"7":{"start":{"line":11,"column":7},"end":{"line":64,"column":null}},"8":{"start":{"line":13,"column":4},"end":{"line":13,"column":12}},"9":{"start":{"line":12,"column":22},"end":{"line":12,"column":36}},"10":{"start":{"line":16,"column":4},"end":{"line":16,"column":43}},"11":{"start":{"line":20,"column":4},"end":{"line":20,"column":51}},"12":{"start":{"line":24,"column":4},"end":{"line":24,"column":52}},"13":{"start":{"line":28,"column":4},"end":{"line":49,"column":5}},"14":{"start":{"line":29,"column":6},"end":{"line":46,"column":9}},"15":{"start":{"line":30,"column":27},"end":{"line":30,"column":93}},"16":{"start":{"line":31,"column":8},"end":{"line":33,"column":9}},"17":{"start":{"line":32,"column":10},"end":{"line":32,"column":27}},"18":{"start":{"line":34,"column":8},"end":{"line":34,"column":37}},"19":{"start":{"line":36,"column":22},"end":{"line":36,"column":45}},"20":{"start":{"line":38,"column":8},"end":{"line":44,"column":9}},"21":{"start":{"line":39,"column":43},"end":{"line":39,"column":100}},"22":{"start":{"line":40,"column":35},"end":{"line":40,"column":109}},"23":{"start":{"line":41,"column":10},"end":{"line":41,"column":87}},"24":{"start":{"line":42,"column":29},"end":{"line":42,"column":98}},"25":{"start":{"line":43,"column":10},"end":{"line":43,"column":39}},"26":{"start":{"line":45,"column":8},"end":{"line":45,"column":51}},"27":{"start":{"line":48,"column":6},"end":{"line":48,"column":18}},"28":{"start":{"line":53,"column":18},"end":{"line":53,"column":43}},"29":{"start":{"line":54,"column":4},"end":{"line":54,"column":32}},"30":{"start":{"line":55,"column":22},"end":{"line":55,"column":44}},"31":{"start":{"line":56,"column":23},"end":{"line":56,"column":53}},"32":{"start":{"line":57,"column":4},"end":{"line":57,"column":39}},"33":{"start":{"line":58,"column":4},"end":{"line":58,"column":22}},"34":{"start":{"line":62,"column":4},"end":{"line":62,"column":53}},"35":{"start":{"line":11,"column":13},"end":{"line":11,"column":24}},"36":{"start":{"line":11,"column":13},"end":{"line":64,"column":null}}},"fnMap":{"0":{"name":"(anonymous_3)","decl":{"start":{"line":12,"column":2},"end":{"line":12,"column":22}},"loc":{"start":{"line":12,"column":48},"end":{"line":14,"column":3}}},"1":{"name":"(anonymous_4)","decl":{"start":{"line":15,"column":9},"end":{"line":15,"column":16}},"loc":{"start":{"line":15,"column":31},"end":{"line":17,"column":3}}},"2":{"name":"(anonymous_5)","decl":{"start":{"line":19,"column":9},"end":{"line":19,"column":14}},"loc":{"start":{"line":19,"column":44},"end":{"line":21,"column":3}}},"3":{"name":"(anonymous_6)","decl":{"start":{"line":23,"column":9},"end":{"line":23,"column":14}},"loc":{"start":{"line":23,"column":45},"end":{"line":25,"column":3}}},"4":{"name":"(anonymous_7)","decl":{"start":{"line":27,"column":9},"end":{"line":27,"column":14}},"loc":{"start":{"line":27,"column":64},"end":{"line":50,"column":3}}},"5":{"name":"(anonymous_8)","decl":{"start":{"line":29,"column":36},"end":{"line":29,"column":41}},"loc":{"start":{"line":29,"column":57},"end":{"line":46,"column":7}}},"6":{"name":"(anonymous_9)","decl":{"start":{"line":52,"column":10},"end":{"line":52,"column":15}},"loc":{"start":{"line":52,"column":93},"end":{"line":59,"column":3}}},"7":{"name":"(anonymous_10)","decl":{"start":{"line":61,"column":9},"end":{"line":61,"column":26}},"loc":{"start":{"line":61,"column":41},"end":{"line":63,"column":3}}}},"branchMap":{"0":{"loc":{"start":{"line":31,"column":8},"end":{"line":33,"column":9}},"type":"if","locations":[{"start":{"line":31,"column":8},"end":{"line":33,"column":9}}]}},"s":{"0":1,"1":1,"2":1,"3":1,"4":1,"5":1,"6":1,"7":1,"8":6,"9":6,"10":0,"11":0,"12":0,"13":0,"14":0,"15":0,"16":0,"17":0,"18":0,"19":0,"20":0,"21":0,"22":0,"23":0,"24":0,"25":0,"26":0,"27":0,"28":0,"29":0,"30":0,"31":0,"32":0,"33":0,"34":0,"35":1,"36":1},"f":{"0":6,"1":0,"2":0,"3":0,"4":0,"5":0,"6":0,"7":0},"b":{"0":[0]}}
,"/Users/alternate/Desktop/NodeJS1/Lesson3/Express-Auth-app/src/api/services/base/BaseTransactionTable.ts": {"path":"/Users/alternate/Desktop/NodeJS1/Lesson3/Express-Auth-app/src/api/services/base/BaseTransactionTable.ts","statementMap":{"0":{"start":{"line":1,"column":0},"end":{"line":1,"column":33}},"1":{"start":{"line":3,"column":0},"end":{"line":3,"column":54}},"2":{"start":{"line":4,"column":0},"end":{"line":4,"column":70}},"3":{"start":{"line":7,"column":7},"end":{"line":14,"column":null}},"4":{"start":{"line":9,"column":19},"end":{"line":11,"column":6}},"5":{"start":{"line":10,"column":6},"end":{"line":10,"column":58}},"6":{"start":{"line":12,"column":4},"end":{"line":12,"column":18}},"7":{"start":{"line":7,"column":22},"end":{"line":7,"column":41}},"8":{"start":{"line":7,"column":22},"end":{"line":14,"column":null}}},"fnMap":{"0":{"name":"(anonymous_2)","decl":{"start":{"line":8,"column":12},"end":{"line":8,"column":17}},"loc":{"start":{"line":8,"column":89},"end":{"line":13,"column":3}}},"1":{"name":"(anonymous_3)","decl":{"start":{"line":9,"column":51},"end":{"line":9,"column":56}},"loc":{"start":{"line":9,"column":84},"end":{"line":11,"column":5}}}},"branchMap":{},"s":{"0":1,"1":1,"2":1,"3":1,"4":0,"5":0,"6":0,"7":1,"8":1},"f":{"0":0,"1":0},"b":{}}
,"/Users/alternate/Desktop/NodeJS1/Lesson3/Express-Auth-app/src/api/services/models/Auth.ts": {"path":"/Users/alternate/Desktop/NodeJS1/Lesson3/Express-Auth-app/src/api/services/models/Auth.ts","statementMap":{"0":{"start":{"line":1,"column":0},"end":{"line":1,"column":44}},"1":{"start":{"line":3,"column":0},"end":{"line":3,"column":13}},"2":{"start":{"line":5,"column":9},"end":{"line":5,"column":null}}},"fnMap":{},"branchMap":{},"s":{"0":1,"1":1,"2":1},"f":{},"b":{}}
,"/Users/alternate/Desktop/NodeJS1/Lesson3/Express-Auth-app/src/api/services/models/AuthProvider.ts": {"path":"/Users/alternate/Desktop/NodeJS1/Lesson3/Express-Auth-app/src/api/services/models/AuthProvider.ts","statementMap":{"0":{"start":{"line":1,"column":0},"end":{"line":1,"column":44}},"1":{"start":{"line":2,"column":0},"end":{"line":2,"column":48}},"2":{"start":{"line":4,"column":0},"end":{"line":4,"column":13}},"3":{"start":{"line":6,"column":9},"end":{"line":6,"column":null}},"4":{"start":{"line":9,"column":9},"end":{"line":9,"column":null}},"5":{"start":{"line":12,"column":9},"end":{"line":12,"column":null}},"6":{"start":{"line":15,"column":9},"end":{"line":15,"column":null}},"7":{"start":{"line":17,"column":9},"end":{"line":17,"column":null}},"8":{"start":{"line":20,"column":9},"end":{"line":20,"column":null}}},"fnMap":{},"branchMap":{},"s":{"0":1,"1":1,"2":1,"3":1,"4":1,"5":1,"6":1,"7":1,"8":1},"f":{},"b":{}}
,"/Users/alternate/Desktop/NodeJS1/Lesson3/Express-Auth-app/src/api/services/models/BaseModel.ts": {"path":"/Users/alternate/Desktop/NodeJS1/Lesson3/Express-Auth-app/src/api/services/models/BaseModel.ts","statementMap":{"0":{"start":{"line":1,"column":0},"end":{"line":1,"column":44}},"1":{"start":{"line":3,"column":0},"end":{"line":3,"column":13}},"2":{"start":{"line":5,"column":9},"end":{"line":5,"column":null}},"3":{"start":{"line":8,"column":9},"end":{"line":8,"column":null}},"4":{"start":{"line":11,"column":9},"end":{"line":11,"column":null}}},"fnMap":{},"branchMap":{},"s":{"0":1,"1":1,"2":1,"3":1,"4":1},"f":{},"b":{}}
,"/Users/alternate/Desktop/NodeJS1/Lesson3/Express-Auth-app/src/api/services/models/Photo.ts": {"path":"/Users/alternate/Desktop/NodeJS1/Lesson3/Express-Auth-app/src/api/services/models/Photo.ts","statementMap":{"0":{"start":{"line":1,"column":0},"end":{"line":1,"column":44}},"1":{"start":{"line":2,"column":0},"end":{"line":2,"column":45}},"2":{"start":{"line":3,"column":0},"end":{"line":3,"column":40}},"3":{"start":{"line":4,"column":0},"end":{"line":4,"column":30}},"4":{"start":{"line":6,"column":0},"end":{"line":6,"column":13}},"5":{"start":{"line":9,"column":9},"end":{"line":9,"column":null}},"6":{"start":{"line":13,"column":9},"end":{"line":13,"column":null}},"7":{"start":{"line":17,"column":9},"end":{"line":17,"column":null}}},"fnMap":{},"branchMap":{},"s":{"0":1,"1":1,"2":1,"3":1,"4":1,"5":1,"6":1,"7":1},"f":{},"b":{}}
,"/Users/alternate/Desktop/NodeJS1/Lesson3/Express-Auth-app/src/api/services/models/User.ts": {"path":"/Users/alternate/Desktop/NodeJS1/Lesson3/Express-Auth-app/src/api/services/models/User.ts","statementMap":{"0":{"start":{"line":1,"column":0},"end":{"line":1,"column":44}},"1":{"start":{"line":2,"column":0},"end":{"line":2,"column":40}},"2":{"start":{"line":3,"column":0},"end":{"line":3,"column":32}},"3":{"start":{"line":40,"column":4},"end":{"line":40,"column":48}},"4":{"start":{"line":5,"column":0},"end":{"line":5,"column":13}},"5":{"start":{"line":7,"column":9},"end":{"line":7,"column":null}},"6":{"start":{"line":10,"column":9},"end":{"line":10,"column":null}},"7":{"start":{"line":13,"column":9},"end":{"line":13,"column":null}},"8":{"start":{"line":16,"column":9},"end":{"line":16,"column":null}},"9":{"start":{"line":19,"column":9},"end":{"line":19,"column":null}},"10":{"start":{"line":22,"column":9},"end":{"line":22,"column":null}},"11":{"start":{"line":25,"column":2},"end":{"line":25,"column":null}},"12":{"start":{"line":28,"column":2},"end":{"line":28,"column":null}},"13":{"start":{"line":31,"column":2},"end":{"line":31,"column":null}},"14":{"start":{"line":34,"column":2},"end":{"line":34,"column":null}},"15":{"start":{"line":37,"column":2},"end":{"line":37,"column":null}},"16":{"start":{"line":36,"column":17},"end":{"line":36,"column":22}}},"fnMap":{"0":{"name":"(anonymous_2)","decl":{"start":{"line":39,"column":2},"end":{"line":39,"column":13}},"loc":{"start":{"line":39,"column":21},"end":{"line":41,"column":3}}},"1":{"name":"(anonymous_3)","decl":{"start":{"line":36,"column":11},"end":{"line":36,"column":14}},"loc":{"start":{"line":36,"column":17},"end":{"line":36,"column":22}}}},"branchMap":{},"s":{"0":1,"1":1,"2":1,"3":0,"4":1,"5":1,"6":1,"7":1,"8":1,"9":1,"10":1,"11":1,"12":1,"13":1,"14":1,"15":1,"16":0},"f":{"0":0,"1":0},"b":{}}
,"/Users/alternate/Desktop/NodeJS1/Lesson3/Express-Auth-app/src/config/index.ts": {"path":"/Users/alternate/Desktop/NodeJS1/Lesson3/Express-Auth-app/src/config/index.ts","statementMap":{"0":{"start":{"line":1,"column":0},"end":{"line":1,"column":48}},"1":{"start":{"line":4,"column":0},"end":{"line":4,"column":15}},"2":{"start":{"line":6,"column":15},"end":{"line":36,"column":2}},"3":{"start":{"line":38,"column":0},"end":{"line":38,"column":22}}},"fnMap":{},"branchMap":{"0":{"loc":{"start":{"line":9,"column":10},"end":{"line":9,"column":48}},"type":"binary-expr","locations":[{"start":{"line":9,"column":10},"end":{"line":9,"column":34}},{"start":{"line":9,"column":38},"end":{"line":9,"column":48}}]},"1":{"loc":{"start":{"line":10,"column":10},"end":{"line":10,"column":82}},"type":"cond-expr","locations":[{"start":{"line":10,"column":37},"end":{"line":10,"column":75}},{"start":{"line":10,"column":78},"end":{"line":10,"column":82}}]},"2":{"loc":{"start":{"line":11,"column":14},"end":{"line":11,"column":56}},"type":"binary-expr","locations":[{"start":{"line":11,"column":14},"end":{"line":11,"column":42}},{"start":{"line":11,"column":46},"end":{"line":11,"column":56}}]},"3":{"loc":{"start":{"line":12,"column":14},"end":{"line":12,"column":60}},"type":"binary-expr","locations":[{"start":{"line":12,"column":14},"end":{"line":12,"column":42}},{"start":{"line":12,"column":46},"end":{"line":12,"column":60}}]},"4":{"loc":{"start":{"line":13,"column":12},"end":{"line":13,"column":51}},"type":"binary-expr","locations":[{"start":{"line":13,"column":12},"end":{"line":13,"column":39}},{"start":{"line":13,"column":43},"end":{"line":13,"column":51}}]},"5":{"loc":{"start":{"line":14,"column":10},"end":{"line":14,"column":42}},"type":"binary-expr","locations":[{"start":{"line":14,"column":10},"end":{"line":14,"column":34}},{"start":{"line":14,"column":38},"end":{"line":14,"column":42}}]},"6":{"loc":{"start":{"line":17,"column":15},"end":{"line":17,"column":83}},"type":"binary-expr","locations":[{"start":{"line":17,"column":15},"end":{"line":17,"column":43}},{"start":{"line":17,"column":47},"end":{"line":17,"column":83}}]},"7":{"loc":{"start":{"line":18,"column":17},"end":{"line":18,"column":75}},"type":"binary-expr","locations":[{"start":{"line":18,"column":17},"end":{"line":18,"column":47}},{"start":{"line":18,"column":51},"end":{"line":18,"column":75}}]},"8":{"loc":{"start":{"line":20,"column":18},"end":{"line":20,"column":49}},"type":"binary-expr","locations":[{"start":{"line":20,"column":18},"end":{"line":20,"column":39}},{"start":{"line":20,"column":43},"end":{"line":20,"column":49}}]},"9":{"loc":{"start":{"line":21,"column":13},"end":{"line":21,"column":46}},"type":"binary-expr","locations":[{"start":{"line":21,"column":13},"end":{"line":21,"column":35}},{"start":{"line":21,"column":39},"end":{"line":21,"column":46}}]},"10":{"loc":{"start":{"line":22,"column":13},"end":{"line":22,"column":52}},"type":"binary-expr","locations":[{"start":{"line":22,"column":13},"end":{"line":22,"column":35}},{"start":{"line":22,"column":39},"end":{"line":22,"column":52}}]},"11":{"loc":{"start":{"line":25,"column":18},"end":{"line":25,"column":58}},"type":"binary-expr","locations":[{"start":{"line":25,"column":18},"end":{"line":25,"column":46}},{"start":{"line":25,"column":50},"end":{"line":25,"column":58}}]},"12":{"loc":{"start":{"line":26,"column":22},"end":{"line":26,"column":66}},"type":"binary-expr","locations":[{"start":{"line":26,"column":22},"end":{"line":26,"column":54}},{"start":{"line":26,"column":58},"end":{"line":26,"column":66}}]},"13":{"loc":{"start":{"line":27,"column":10},"end":{"line":27,"column":72}},"type":"cond-expr","locations":[{"start":{"line":27,"column":32},"end":{"line":27,"column":65}},{"start":{"line":27,"column":68},"end":{"line":27,"column":72}}]},"14":{"loc":{"start":{"line":28,"column":11},"end":{"line":28,"column":48}},"type":"binary-expr","locations":[{"start":{"line":28,"column":11},"end":{"line":28,"column":31}},{"start":{"line":28,"column":35},"end":{"line":28,"column":48}}]},"15":{"loc":{"start":{"line":29,"column":13},"end":{"line":29,"column":49}},"type":"binary-expr","locations":[{"start":{"line":29,"column":13},"end":{"line":29,"column":35}},{"start":{"line":29,"column":39},"end":{"line":29,"column":49}}]}},"s":{"0":1,"1":1,"2":1,"3":1},"f":{},"b":{"0":[1,0],"1":[1,0],"2":[1,0],"3":[1,0],"4":[1,0],"5":[1,0],"6":[1,0],"7":[1,0],"8":[1,0],"9":[1,0],"10":[1,0],"11":[1,0],"12":[1,0],"13":[1,0],"14":[1,0],"15":[1,0]}}
,"/Users/alternate/Desktop/NodeJS1/Lesson3/Express-Auth-app/src/db/appDataSource.ts": {"path":"/Users/alternate/Desktop/NodeJS1/Lesson3/Express-Auth-app/src/db/appDataSource.ts","statementMap":{"0":{"start":{"line":1,"column":0},"end":{"line":1,"column":25}},"1":{"start":{"line":2,"column":0},"end":{"line":2,"column":37}},"2":{"start":{"line":3,"column":0},"end":{"line":3,"column":31}},"3":{"start":{"line":5,"column":22},"end":{"line":16,"column":2}},"4":{"start":{"line":18,"column":0},"end":{"line":18,"column":29}}},"fnMap":{},"branchMap":{},"s":{"0":1,"1":1,"2":1,"3":1,"4":1},"f":{},"b":{}}
,"/Users/alternate/Desktop/NodeJS1/Lesson3/Express-Auth-app/src/lib/logger/index.ts": {"path":"/Users/alternate/Desktop/NodeJS1/Lesson3/Express-Auth-app/src/lib/logger/index.ts","statementMap":{"0":{"start":{"line":1,"column":0},"end":{"line":1,"column":59}},"1":{"start":{"line":2,"column":0},"end":{"line":2,"column":34}},"2":{"start":{"line":4,"column":15},"end":{"line":47,"column":2}},"3":{"start":{"line":26,"column":10},"end":{"line":29,"column":11}},"4":{"start":{"line":28,"column":12},"end":{"line":28,"column":85}},"5":{"start":{"line":30,"column":10},"end":{"line":30,"column":68}},"6":{"start":{"line":40,"column":6},"end":{"line":43,"column":7}},"7":{"start":{"line":42,"column":8},"end":{"line":42,"column":81}},"8":{"start":{"line":44,"column":6},"end":{"line":44,"column":64}},"9":{"start":{"line":49,"column":0},"end":{"line":70,"column":1}},"10":{"start":{"line":50,"column":2},"end":{"line":69,"column":4}},"11":{"start":{"line":59,"column":10},"end":{"line":61,"column":11}},"12":{"start":{"line":60,"column":12},"end":{"line":60,"column":125}},"13":{"start":{"line":62,"column":10},"end":{"line":64,"column":11}},"14":{"start":{"line":63,"column":12},"end":{"line":63,"column":93}},"15":{"start":{"line":65,"column":10},"end":{"line":65,"column":68}},"16":{"start":{"line":72,"column":0},"end":{"line":72,"column":22}}},"fnMap":{"0":{"name":"(anonymous_1)","decl":{"start":{"line":25,"column":22},"end":{"line":25,"column":23}},"loc":{"start":{"line":25,"column":31},"end":{"line":31,"column":9}}},"1":{"name":"(anonymous_2)","decl":{"start":{"line":39,"column":18},"end":{"line":39,"column":19}},"loc":{"start":{"line":39,"column":27},"end":{"line":45,"column":5}}},"2":{"name":"(anonymous_3)","decl":{"start":{"line":58,"column":22},"end":{"line":58,"column":23}},"loc":{"start":{"line":58,"column":31},"end":{"line":66,"column":9}}}},"branchMap":{"0":{"loc":{"start":{"line":26,"column":10},"end":{"line":29,"column":11}},"type":"if","locations":[{"start":{"line":26,"column":10},"end":{"line":29,"column":11}}]},"1":{"loc":{"start":{"line":40,"column":6},"end":{"line":43,"column":7}},"type":"if","locations":[{"start":{"line":40,"column":6},"end":{"line":43,"column":7}}]},"2":{"loc":{"start":{"line":49,"column":0},"end":{"line":70,"column":1}},"type":"if","locations":[{"start":{"line":49,"column":0},"end":{"line":70,"column":1}}]},"3":{"loc":{"start":{"line":59,"column":10},"end":{"line":61,"column":11}},"type":"if","locations":[{"start":{"line":59,"column":10},"end":{"line":61,"column":11}}]},"4":{"loc":{"start":{"line":62,"column":10},"end":{"line":64,"column":11}},"type":"if","locations":[{"start":{"line":62,"column":10},"end":{"line":64,"column":11}}]}},"s":{"0":1,"1":1,"2":1,"3":0,"4":0,"5":0,"6":0,"7":0,"8":0,"9":1,"10":1,"11":0,"12":0,"13":0,"14":0,"15":0,"16":1},"f":{"0":0,"1":0,"2":0},"b":{"0":[0],"1":[0],"2":[1],"3":[0],"4":[0]}}
,"/Users/alternate/Desktop/NodeJS1/Lesson3/Express-Auth-app/src/websocket/RequestsManager.ts": {"path":"/Users/alternate/Desktop/NodeJS1/Lesson3/Express-Auth-app/src/websocket/RequestsManager.ts","statementMap":{"0":{"start":{"line":1,"column":0},"end":{"line":1,"column":44}},"1":{"start":{"line":3,"column":0},"end":{"line":3,"column":58}},"2":{"start":{"line":5,"column":0},"end":{"line":5,"column":44}},"3":{"start":{"line":6,"column":0},"end":{"line":6,"column":63}},"4":{"start":{"line":7,"column":0},"end":{"line":7,"column":44}},"5":{"start":{"line":8,"column":0},"end":{"line":8,"column":54}},"6":{"start":{"line":12,"column":7},"end":{"line":88,"column":null}},"7":{"start":{"line":16,"column":12},"end":{"line":16,"column":25}},"8":{"start":{"line":17,"column":12},"end":{"line":17,"column":25}},"9":{"start":{"line":18,"column":12},"end":{"line":18,"column":25}},"10":{"start":{"line":13,"column":10},"end":{"line":13,"column":49}},"11":{"start":{"line":20,"column":4},"end":{"line":20,"column":21}},"12":{"start":{"line":24,"column":4},"end":{"line":47,"column":6}},"13":{"start":{"line":29,"column":8},"end":{"line":45,"column":9}},"14":{"start":{"line":30,"column":31},"end":{"line":30,"column":53}},"15":{"start":{"line":31,"column":10},"end":{"line":31,"column":44}},"16":{"start":{"line":32,"column":35},"end":{"line":32,"column":80}},"17":{"start":{"line":33,"column":10},"end":{"line":35,"column":11}},"18":{"start":{"line":34,"column":12},"end":{"line":34,"column":59}},"19":{"start":{"line":37,"column":25},"end":{"line":37,"column":79}},"20":{"start":{"line":39,"column":10},"end":{"line":39,"column":57}},"21":{"start":{"line":40,"column":10},"end":{"line":40,"column":33}},"22":{"start":{"line":41,"column":10},"end":{"line":41,"column":68}},"23":{"start":{"line":43,"column":10},"end":{"line":43,"column":27}},"24":{"start":{"line":44,"column":10},"end":{"line":44,"column":70}},"25":{"start":{"line":49,"column":4},"end":{"line":52,"column":7}},"26":{"start":{"line":50,"column":6},"end":{"line":50,"column":48}},"27":{"start":{"line":51,"column":6},"end":{"line":51,"column":67}},"28":{"start":{"line":54,"column":4},"end":{"line":57,"column":7}},"29":{"start":{"line":55,"column":6},"end":{"line":55,"column":52}},"30":{"start":{"line":56,"column":6},"end":{"line":56,"column":71}},"31":{"start":{"line":61,"column":4},"end":{"line":61,"column":59}},"32":{"start":{"line":65,"column":4},"end":{"line":81,"column":5}},"33":{"start":{"line":66,"column":22},"end":{"line":66,"column":38}},"34":{"start":{"line":67,"column":32},"end":{"line":67,"column":39}},"35":{"start":{"line":68,"column":6},"end":{"line":70,"column":7}},"36":{"start":{"line":69,"column":8},"end":{"line":69,"column":47}},"37":{"start":{"line":72,"column":22},"end":{"line":72,"column":43}},"38":{"start":{"line":73,"column":6},"end":{"line":75,"column":7}},"39":{"start":{"line":74,"column":8},"end":{"line":74,"column":44}},"40":{"start":{"line":77,"column":6},"end":{"line":77,"column":60}},"41":{"start":{"line":79,"column":6},"end":{"line":79,"column":23}},"42":{"start":{"line":80,"column":6},"end":{"line":80,"column":84}},"43":{"start":{"line":85,"column":17},"end":{"line":85,"column":40}},"44":{"start":{"line":86,"column":4},"end":{"line":86,"column":22}},"45":{"start":{"line":12,"column":13},"end":{"line":12,"column":28}},"46":{"start":{"line":12,"column":13},"end":{"line":88,"column":null}}},"fnMap":{"0":{"name":"(anonymous_2)","decl":{"start":{"line":15,"column":2},"end":{"line":15,"column":null}},"loc":{"start":{"line":18,"column":65},"end":{"line":21,"column":3}}},"1":{"name":"(anonymous_3)","decl":{"start":{"line":23,"column":2},"end":{"line":23,"column":11}},"loc":{"start":{"line":23,"column":11},"end":{"line":58,"column":3}}},"2":{"name":"(anonymous_4)","decl":{"start":{"line":28,"column":6},"end":{"line":28,"column":11}},"loc":{"start":{"line":28,"column":77},"end":{"line":46,"column":7}}},"3":{"name":"(anonymous_5)","decl":{"start":{"line":49,"column":56},"end":{"line":49,"column":61}},"loc":{"start":{"line":49,"column":110},"end":{"line":52,"column":5}}},"4":{"name":"(anonymous_6)","decl":{"start":{"line":54,"column":58},"end":{"line":54,"column":63}},"loc":{"start":{"line":54,"column":112},"end":{"line":57,"column":5}}},"5":{"name":"(anonymous_7)","decl":{"start":{"line":60,"column":2},"end":{"line":60,"column":14}},"loc":{"start":{"line":60,"column":100},"end":{"line":62,"column":3}}},"6":{"name":"(anonymous_8)","decl":{"start":{"line":64,"column":2},"end":{"line":64,"column":7}},"loc":{"start":{"line":64,"column":54},"end":{"line":82,"column":3}}},"7":{"name":"(anonymous_9)","decl":{"start":{"line":84,"column":2},"end":{"line":84,"column":6}},"loc":{"start":{"line":84,"column":41},"end":{"line":87,"column":3}}}},"branchMap":{"0":{"loc":{"start":{"line":16,"column":12},"end":{"line":16,"column":65}},"type":"default-arg","locations":[{"start":{"line":16,"column":39},"end":{"line":16,"column":65}}]},"1":{"loc":{"start":{"line":17,"column":12},"end":{"line":17,"column":65}},"type":"default-arg","locations":[{"start":{"line":17,"column":39},"end":{"line":17,"column":65}}]},"2":{"loc":{"start":{"line":18,"column":12},"end":{"line":18,"column":65}},"type":"default-arg","locations":[{"start":{"line":18,"column":39},"end":{"line":18,"column":65}}]},"3":{"loc":{"start":{"line":33,"column":10},"end":{"line":35,"column":11}},"type":"if","locations":[{"start":{"line":33,"column":10},"end":{"line":35,"column":11}}]},"4":{"loc":{"start":{"line":68,"column":6},"end":{"line":70,"column":7}},"type":"if","locations":[{"start":{"line":68,"column":6},"end":{"line":70,"column":7}}]},"5":{"loc":{"start":{"line":73,"column":6},"end":{"line":75,"column":7}},"type":"if","locations":[{"start":{"line":73,"column":6},"end":{"line":75,"column":7}}]},"6":{"loc":{"start":{"line":80,"column":48},"end":{"line":80,"column":80}},"type":"binary-expr","locations":[{"start":{"line":80,"column":48},"end":{"line":80,"column":57}},{"start":{"line":80,"column":61},"end":{"line":80,"column":80}}]}},"s":{"0":1,"1":1,"2":1,"3":1,"4":1,"5":1,"6":1,"7":0,"8":0,"9":0,"10":0,"11":0,"12":0,"13":0,"14":0,"15":0,"16":0,"17":0,"18":0,"19":0,"20":0,"21":0,"22":0,"23":0,"24":0,"25":0,"26":0,"27":0,"28":0,"29":0,"30":0,"31":0,"32":0,"33":0,"34":0,"35":0,"36":0,"37":0,"38":0,"39":0,"40":0,"41":0,"42":0,"43":0,"44":0,"45":1,"46":1},"f":{"0":0,"1":0,"2":0,"3":0,"4":0,"5":0,"6":0,"7":0},"b":{"0":[0],"1":[0],"2":[0],"3":[0],"4":[0],"5":[0],"6":[0,0]}}
,"/Users/alternate/Desktop/NodeJS1/Lesson3/Express-Auth-app/src/websocket/UserManager.ts": {"path":"/Users/alternate/Desktop/NodeJS1/Lesson3/Express-Auth-app/src/websocket/UserManager.ts","statementMap":{"0":{"start":{"line":1,"column":0},"end":{"line":1,"column":33}},"1":{"start":{"line":2,"column":0},"end":{"line":2,"column":31}},"2":{"start":{"line":5,"column":7},"end":{"line":61,"column":null}},"3":{"start":{"line":6,"column":10},"end":{"line":6,"column":46}},"4":{"start":{"line":7,"column":10},"end":{"line":7,"column":67}},"5":{"start":{"line":8,"column":10},"end":{"line":8,"column":60}},"6":{"start":{"line":11,"column":4},"end":{"line":11,"column":29}},"7":{"start":{"line":15,"column":4},"end":{"line":15,"column":32}},"8":{"start":{"line":16,"column":4},"end":{"line":18,"column":7}},"9":{"start":{"line":17,"column":6},"end":{"line":17,"column":80}},"10":{"start":{"line":17,"column":66},"end":{"line":17,"column":78}},"11":{"start":{"line":22,"column":4},"end":{"line":24,"column":5}},"12":{"start":{"line":23,"column":6},"end":{"line":23,"column":47}},"13":{"start":{"line":25,"column":4},"end":{"line":25,"column":53}},"14":{"start":{"line":29,"column":17},"end":{"line":29,"column":40}},"15":{"start":{"line":30,"column":4},"end":{"line":34,"column":7}},"16":{"start":{"line":31,"column":6},"end":{"line":33,"column":7}},"17":{"start":{"line":32,"column":8},"end":{"line":32,"column":26}},"18":{"start":{"line":38,"column":4},"end":{"line":38,"column":43}},"19":{"start":{"line":42,"column":4},"end":{"line":42,"column":46}},"20":{"start":{"line":46,"column":20},"end":{"line":49,"column":6}},"21":{"start":{"line":51,"column":4},"end":{"line":55,"column":7}},"22":{"start":{"line":52,"column":6},"end":{"line":54,"column":7}},"23":{"start":{"line":53,"column":8},"end":{"line":53,"column":29}},"24":{"start":{"line":59,"column":4},"end":{"line":59,"column":53}},"25":{"start":{"line":5,"column":13},"end":{"line":5,"column":24}},"26":{"start":{"line":5,"column":13},"end":{"line":61,"column":null}}},"fnMap":{"0":{"name":"(anonymous_1)","decl":{"start":{"line":5,"column":7},"end":{"line":5,"column":13}},"loc":{"start":{"line":5,"column":7},"end":{"line":61,"column":1}}},"1":{"name":"(anonymous_2)","decl":{"start":{"line":10,"column":2},"end":{"line":10,"column":5}},"loc":{"start":{"line":10,"column":23},"end":{"line":12,"column":3}}},"2":{"name":"(anonymous_3)","decl":{"start":{"line":14,"column":2},"end":{"line":14,"column":8}},"loc":{"start":{"line":14,"column":26},"end":{"line":19,"column":3}}},"3":{"name":"(anonymous_4)","decl":{"start":{"line":16,"column":56},"end":{"line":16,"column":57}},"loc":{"start":{"line":16,"column":78},"end":{"line":18,"column":5}}},"4":{"name":"(anonymous_5)","decl":{"start":{"line":17,"column":59},"end":{"line":17,"column":60}},"loc":{"start":{"line":17,"column":66},"end":{"line":17,"column":78}}},"5":{"name":"(anonymous_6)","decl":{"start":{"line":21,"column":2},"end":{"line":21,"column":15}},"loc":{"start":{"line":21,"column":49},"end":{"line":26,"column":3}}},"6":{"name":"(anonymous_7)","decl":{"start":{"line":28,"column":2},"end":{"line":28,"column":11}},"loc":{"start":{"line":28,"column":27},"end":{"line":35,"column":3}}},"7":{"name":"(anonymous_8)","decl":{"start":{"line":30,"column":25},"end":{"line":30,"column":26}},"loc":{"start":{"line":30,"column":36},"end":{"line":34,"column":5}}},"8":{"name":"(anonymous_9)","decl":{"start":{"line":37,"column":2},"end":{"line":37,"column":18}},"loc":{"start":{"line":37,"column":36},"end":{"line":39,"column":3}}},"9":{"name":"(anonymous_10)","decl":{"start":{"line":41,"column":2},"end":{"line":41,"column":22}},"loc":{"start":{"line":41,"column":40},"end":{"line":43,"column":3}}},"10":{"name":"(anonymous_11)","decl":{"start":{"line":45,"column":2},"end":{"line":45,"column":11}},"loc":{"start":{"line":45,"column":11},"end":{"line":56,"column":3}}},"11":{"name":"(anonymous_12)","decl":{"start":{"line":51,"column":39},"end":{"line":51,"column":40}},"loc":{"start":{"line":51,"column":50},"end":{"line":55,"column":5}}},"12":{"name":"(anonymous_13)","decl":{"start":{"line":58,"column":9},"end":{"line":58,"column":29}},"loc":{"start":{"line":58,"column":44},"end":{"line":60,"column":3}}}},"branchMap":{"0":{"loc":{"start":{"line":22,"column":4},"end":{"line":24,"column":5}},"type":"if","locations":[{"start":{"line":22,"column":4},"end":{"line":24,"column":5}}]},"1":{"loc":{"start":{"line":31,"column":6},"end":{"line":33,"column":7}},"type":"if","locations":[{"start":{"line":31,"column":6},"end":{"line":33,"column":7}}]},"2":{"loc":{"start":{"line":52,"column":6},"end":{"line":54,"column":7}},"type":"if","locations":[{"start":{"line":52,"column":6},"end":{"line":54,"column":7}}]},"3":{"loc":{"start":{"line":59,"column":11},"end":{"line":59,"column":52}},"type":"binary-expr","locations":[{"start":{"line":59,"column":11},"end":{"line":59,"column":46}},{"start":{"line":59,"column":50},"end":{"line":59,"column":52}}]}},"s":{"0":1,"1":1,"2":1,"3":0,"4":0,"5":0,"6":0,"7":0,"8":0,"9":0,"10":0,"11":0,"12":0,"13":0,"14":0,"15":0,"16":0,"17":0,"18":0,"19":0,"20":0,"21":0,"22":0,"23":0,"24":0,"25":1,"26":1},"f":{"0":0,"1":0,"2":0,"3":0,"4":0,"5":0,"6":0,"7":0,"8":0,"9":0,"10":0,"11":0,"12":0},"b":{"0":[0],"1":[0],"2":[0],"3":[0,0]}}
,"/Users/alternate/Desktop/NodeJS1/Lesson3/Express-Auth-app/src/websocket/WsValidator.ts": {"path":"/Users/alternate/Desktop/NodeJS1/Lesson3/Express-Auth-app/src/websocket/WsValidator.ts","statementMap":{"0":{"start":{"line":1,"column":0},"end":{"line":1,"column":33}},"1":{"start":{"line":2,"column":0},"end":{"line":2,"column":60}},"2":{"start":{"line":5,"column":7},"end":{"line":21,"column":null}},"3":{"start":{"line":7,"column":38},"end":{"line":7,"column":60}},"4":{"start":{"line":9,"column":4},"end":{"line":17,"column":5}},"5":{"start":{"line":10,"column":6},"end":{"line":16,"column":25}},"6":{"start":{"line":11,"column":28},"end":{"line":11,"column":45}},"7":{"start":{"line":12,"column":8},"end":{"line":14,"column":9}},"8":{"start":{"line":13,"column":10},"end":{"line":13,"column":50}},"9":{"start":{"line":15,"column":8},"end":{"line":15,"column":19}},"10":{"start":{"line":19,"column":4},"end":{"line":19,"column":14}},"11":{"start":{"line":5,"column":13},"end":{"line":5,"column":24}},"12":{"start":{"line":5,"column":13},"end":{"line":21,"column":null}}},"fnMap":{"0":{"name":"(anonymous_1)","decl":{"start":{"line":6,"column":2},"end":{"line":6,"column":7}},"loc":{"start":{"line":6,"column":31},"end":{"line":20,"column":3}}},"1":{"name":"(anonymous_2)","decl":{"start":{"line":10,"column":27},"end":{"line":10,"column":28}},"loc":{"start":{"line":10,"column":42},"end":{"line":16,"column":7}}}},"branchMap":{"0":{"loc":{"start":{"line":9,"column":4},"end":{"line":17,"column":5}},"type":"if","locations":[{"start":{"line":9,"column":4},"end":{"line":17,"column":5}}]},"1":{"loc":{"start":{"line":12,"column":8},"end":{"line":14,"column":9}},"type":"if","locations":[{"start":{"line":12,"column":8},"end":{"line":14,"column":9}}]}},"s":{"0":1,"1":1,"2":1,"3":0,"4":0,"5":0,"6":0,"7":0,"8":0,"9":0,"10":0,"11":1,"12":1},"f":{"0":0,"1":0},"b":{"0":[0],"1":[0]}}
,"/Users/alternate/Desktop/NodeJS1/Lesson3/Express-Auth-app/src/websocket/index.ts": {"path":"/Users/alternate/Desktop/NodeJS1/Lesson3/Express-Auth-app/src/websocket/index.ts","statementMap":{"0":{"start":{"line":1,"column":0},"end":{"line":1,"column":67}},"1":{"start":{"line":2,"column":0},"end":{"line":2,"column":33}},"2":{"start":{"line":3,"column":0},"end":{"line":3,"column":31}},"3":{"start":{"line":4,"column":0},"end":{"line":4,"column":44}},"4":{"start":{"line":5,"column":0},"end":{"line":5,"column":52}},"5":{"start":{"line":6,"column":0},"end":{"line":6,"column":35}},"6":{"start":{"line":9,"column":7},"end":{"line":59,"column":null}},"7":{"start":{"line":13,"column":12},"end":{"line":13,"column":25}},"8":{"start":{"line":14,"column":12},"end":{"line":14,"column":29}},"9":{"start":{"line":10,"column":10},"end":{"line":10,"column":50}},"10":{"start":{"line":27,"column":10},"end":{"line":35,"column":4}},"11":{"start":{"line":28,"column":4},"end":{"line":28,"column":44}},"12":{"start":{"line":29,"column":4},"end":{"line":29,"column":33}},"13":{"start":{"line":31,"column":4},"end":{"line":31,"column":71}},"14":{"start":{"line":31,"column":35},"end":{"line":31,"column":69}},"15":{"start":{"line":32,"column":4},"end":{"line":32,"column":83}},"16":{"start":{"line":32,"column":41},"end":{"line":32,"column":81}},"17":{"start":{"line":34,"column":4},"end":{"line":34,"column":52}},"18":{"start":{"line":18,"column":4},"end":{"line":18,"column":65}},"19":{"start":{"line":20,"column":4},"end":{"line":20,"column":60}},"20":{"start":{"line":22,"column":4},"end":{"line":22,"column":59}},"21":{"start":{"line":22,"column":22},"end":{"line":22,"column":50}},"22":{"start":{"line":24,"column":4},"end":{"line":24,"column":72}},"23":{"start":{"line":38,"column":20},"end":{"line":38,"column":47}},"24":{"start":{"line":39,"column":4},"end":{"line":39,"column":71}},"25":{"start":{"line":40,"column":4},"end":{"line":40,"column":38}},"26":{"start":{"line":41,"column":4},"end":{"line":41,"column":36}},"27":{"start":{"line":45,"column":25},"end":{"line":45,"column":42}},"28":{"start":{"line":46,"column":4},"end":{"line":46,"column":82}},"29":{"start":{"line":47,"column":4},"end":{"line":47,"column":36}},"30":{"start":{"line":51,"column":20},"end":{"line":51,"column":65}},"31":{"start":{"line":52,"column":26},"end":{"line":52,"column":97}},"32":{"start":{"line":53,"column":4},"end":{"line":57,"column":7}},"33":{"start":{"line":54,"column":6},"end":{"line":56,"column":7}},"34":{"start":{"line":55,"column":8},"end":{"line":55,"column":35}},"35":{"start":{"line":9,"column":13},"end":{"line":9,"column":29}},"36":{"start":{"line":9,"column":13},"end":{"line":59,"column":null}}},"fnMap":{"0":{"name":"(anonymous_3)","decl":{"start":{"line":12,"column":2},"end":{"line":12,"column":null}},"loc":{"start":{"line":14,"column":44},"end":{"line":15,"column":6}}},"1":{"name":"(anonymous_4)","decl":{"start":{"line":27,"column":31},"end":{"line":27,"column":32}},"loc":{"start":{"line":27,"column":59},"end":{"line":35,"column":3}}},"2":{"name":"(anonymous_5)","decl":{"start":{"line":31,"column":25},"end":{"line":31,"column":26}},"loc":{"start":{"line":31,"column":35},"end":{"line":31,"column":69}}},"3":{"name":"(anonymous_6)","decl":{"start":{"line":32,"column":23},"end":{"line":32,"column":24}},"loc":{"start":{"line":32,"column":41},"end":{"line":32,"column":81}}},"4":{"name":"(anonymous_7)","decl":{"start":{"line":17,"column":2},"end":{"line":17,"column":7}},"loc":{"start":{"line":17,"column":12},"end":{"line":25,"column":3}}},"5":{"name":"(anonymous_8)","decl":{"start":{"line":22,"column":16},"end":{"line":22,"column":19}},"loc":{"start":{"line":22,"column":22},"end":{"line":22,"column":50}}},"6":{"name":"(anonymous_9)","decl":{"start":{"line":37,"column":10},"end":{"line":37,"column":15}},"loc":{"start":{"line":37,"column":64},"end":{"line":42,"column":3}}},"7":{"name":"(anonymous_10)","decl":{"start":{"line":44,"column":10},"end":{"line":44,"column":23}},"loc":{"start":{"line":44,"column":71},"end":{"line":48,"column":3}}},"8":{"name":"(anonymous_11)","decl":{"start":{"line":50,"column":9},"end":{"line":50,"column":21}},"loc":{"start":{"line":50,"column":36},"end":{"line":58,"column":3}}},"9":{"name":"(anonymous_12)","decl":{"start":{"line":53,"column":20},"end":{"line":53,"column":21}},"loc":{"start":{"line":53,"column":42},"end":{"line":57,"column":5}}}},"branchMap":{"0":{"loc":{"start":{"line":54,"column":6},"end":{"line":56,"column":7}},"type":"if","locations":[{"start":{"line":54,"column":6},"end":{"line":56,"column":7}}]}},"s":{"0":1,"1":1,"2":1,"3":1,"4":1,"5":1,"6":1,"7":0,"8":0,"9":0,"10":0,"11":0,"12":0,"13":0,"14":0,"15":0,"16":0,"17":0,"18":0,"19":0,"20":0,"21":0,"22":0,"23":0,"24":0,"25":0,"26":0,"27":0,"28":0,"29":0,"30":0,"31":0,"32":0,"33":0,"34":0,"35":1,"36":1},"f":{"0":0,"1":0,"2":0,"3":0,"4":0,"5":0,"6":0,"7":0,"8":0,"9":0},"b":{"0":[0]}}
,"/Users/alternate/Desktop/NodeJS1/Lesson3/Express-Auth-app/src/websocket/requests/AuthorizeRequest.ts": {"path":"/Users/alternate/Desktop/NodeJS1/Lesson3/Express-Auth-app/src/websocket/requests/AuthorizeRequest.ts","statementMap":{"0":{"start":{"line":1,"column":0},"end":{"line":1,"column":62}},"1":{"start":{"line":3,"column":0},"end":{"line":3,"column":13}},"2":{"start":{"line":7,"column":2},"end":{"line":7,"column":null}}},"fnMap":{},"branchMap":{},"s":{"0":1,"1":1,"2":1},"f":{},"b":{}}
,"/Users/alternate/Desktop/NodeJS1/Lesson3/Express-Auth-app/test/unit/UnitOfWork/unitOfWorkMock.ts": {"path":"/Users/alternate/Desktop/NodeJS1/Lesson3/Express-Auth-app/test/unit/UnitOfWork/unitOfWorkMock.ts","statementMap":{"0":{"start":{"line":3,"column":27},"end":{"line":7,"column":2}},"1":{"start":{"line":9,"column":35},"end":{"line":9,"column":37}},"2":{"start":{"line":11,"column":28},"end":{"line":13,"column":2}},"3":{"start":{"line":15,"column":13},"end":{"line":24,"column":4}},"4":{"start":{"line":15,"column":66},"end":{"line":24,"column":2}}},"fnMap":{"0":{"name":"(anonymous_0)","decl":{"start":{"line":15,"column":59},"end":{"line":15,"column":62}},"loc":{"start":{"line":15,"column":66},"end":{"line":24,"column":2}}}},"branchMap":{},"s":{"0":1,"1":1,"2":1,"3":1,"4":6},"f":{"0":6},"b":{}}
}
